0 info it worked if it ends with ok
1 verbose cli [ 'C:\\Program Files\\nodejs\\node.exe',
1 verbose cli   'C:\\Program Files\\nodejs\\node_modules\\npm\\bin\\npm-cli.js',
1 verbose cli   'install',
1 verbose cli   '-g',
1 verbose cli   'cordova' ]
2 info using npm@3.10.8
3 info using node@v6.9.1
4 silly loadCurrentTree Starting
5 silly install loadCurrentTree
6 silly install readGlobalPackageData
7 silly fetchPackageMetaData cordova
8 silly fetchOtherPackageData cordova
9 silly cache add args [ 'cordova', null ]
10 verbose cache add spec cordova
11 silly cache add parsed spec Result {
11 silly cache add   raw: 'cordova',
11 silly cache add   scope: null,
11 silly cache add   escapedName: 'cordova',
11 silly cache add   name: null,
11 silly cache add   rawSpec: 'cordova',
11 silly cache add   spec: 'D:\\Shubh\\WebProject\\Ionic\\test-app\\cordova',
11 silly cache add   type: 'local' }
12 silly addLocalTarball shasum (computed) da39a3ee5e6b4b0d3255bfef95601890afd80709
13 verbose addTmpTarball D:\Shubh\WebProject\Ionic\test-app\cordova not in flight; adding
14 verbose correctMkdir C:\Users\pawan\AppData\Roaming\npm-cache correctMkdir not in flight; initializing
15 verbose addTmpTarball validating metadata from D:\Shubh\WebProject\Ionic\test-app\cordova
16 verbose tar unpack D:\Shubh\WebProject\Ionic\test-app\cordova
17 verbose tar unpacking to C:\Users\pawan\AppData\Local\Temp\npm-8660-c2c655da\unpack-27e3d1e5
18 silly gentlyRm C:\Users\pawan\AppData\Local\Temp\npm-8660-c2c655da\unpack-27e3d1e5 is being purged
19 verbose gentlyRm don't care about contents; nuking C:\Users\pawan\AppData\Local\Temp\npm-8660-c2c655da\unpack-27e3d1e5
20 silly gunzTarPerm modes [ '777', '666' ]
21 error tar.unpack error reading D:\Shubh\WebProject\Ionic\test-app\cordova
22 error addLocal Could not install D:\Shubh\WebProject\Ionic\test-app\cordova
23 silly fetchPackageMetaData Error: 0-byte tarball
23 silly fetchPackageMetaData Please run `npm cache clean`
23 silly fetchPackageMetaData     at C:\Program Files\nodejs\node_modules\npm\lib\utils\tar.js:287:14
23 silly fetchPackageMetaData     at FSReqWrap.oncomplete (fs.js:123:15)
23 silly fetchPackageMetaData  error for cordova Error: 0-byte tarball
23 silly fetchPackageMetaData Please run `npm cache clean`
23 silly fetchPackageMetaData     at C:\Program Files\nodejs\node_modules\npm\lib\utils\tar.js:287:14
23 silly fetchPackageMetaData     at FSReqWrap.oncomplete (fs.js:123:15)
24 silly rollbackFailedOptional Starting
25 silly rollbackFailedOptional Finishing
26 silly runTopLevelLifecycles Finishing
27 silly install printInstalled
28 verbose stack Error: 0-byte tarball
28 verbose stack Please run `npm cache clean`
28 verbose stack     at C:\Program Files\nodejs\node_modules\npm\lib\utils\tar.js:287:14
28 verbose stack     at FSReqWrap.oncomplete (fs.js:123:15)
29 verbose cwd D:\Shubh\WebProject\Ionic\test-app
30 error Windows_NT 10.0.14393
31 error argv "C:\\Program Files\\nodejs\\node.exe" "C:\\Program Files\\nodejs\\node_modules\\npm\\bin\\npm-cli.js" "install" "-g" "cordova"
32 error node v6.9.1
33 error npm  v3.10.8
34 error 0-byte tarball
34 error Please run `npm cache clean`
35 error If you need help, you may report this error at:
35 error     <https://github.com/npm/npm/issues>
36 verbose exit [ 1, true ]
